ProjetBDD/EasyPark4/app/build/outputs/logs/manifest-merger-debug-report.txt
-- Merging decision tree log ---
manifest
ADDED from src\main\AndroidManifest.xml:2:1-88:12
	package
		ADDED from src\main\AndroidManifest.xml:3:5-26
		INJECTED from src\main\AndroidManifest.xml
		INJECTED from src\main\AndroidManifest.xml
	android:versionName
		INJECTED from src\main\AndroidManifest.xml
		INJECTED from src\main\AndroidManifest.xml
	xmlns:android
		ADDED from src\main\AndroidManifest.xml:2:11-69
	android:versionCode
		INJECTED from src\main\AndroidManifest.xml
		INJECTED from src\main\AndroidManifest.xml
uses-permission#android.permission.INTERNET
ADDED from src\main\AndroidManifest.xml:5:5-67
MERGED from [com.google.android.gms:play-services-ads-lite:9.6.1] AndroidManifest.xml:19:5-66
MERGED from [com.google.android.gms:play-services-analytics:9.6.1] AndroidManifest.xml:20:5-66
MERGED from [com.google.android.gms:play-services-analytics-impl:9.6.1] AndroidManifest.xml:20:5-66
MERGED from [com.google.android.gms:play-services-appinvite:9.6.1] AndroidManifest.xml:18:5-66
MERGED from [com.google.firebase:firebase-iid:9.6.1] AndroidManifest.xml:20:5-66
MERGED from [com.google.android.gms:play-services-maps:9.6.1] AndroidManifest.xml:20:5-66
MERGED from [com.google.firebase:firebase-crash:9.6.1] AndroidManifest.xml:18:5-66
MERGED from [com.google.firebase:firebase-analytics:9.6.1] AndroidManifest.xml:20:5-66
MERGED from [com.google.firebase:firebase-analytics-impl:9.6.1] AndroidManifest.xml:20:5-66
MERGED from [com.google.android.gms:play-services-gcm:9.6.1] AndroidManifest.xml:21:5-66
MERGED from [com.google.android.gms:play-services-iid:9.6.1] AndroidManifest.xml:21:5-66
MERGED from [com.google.android.gms:play-services-tagmanager-api:9.6.1] AndroidManifest.xml:20:5-66
MERGED from [com.couchbase.lite:couchbase-lite-android:1.3.1] AndroidManifest.xml:11:5-67
	android:name
		ADDED from src\main\AndroidManifest.xml:5:22-64
uses-permission#myapp.permission.MAPS_RECEIVE
ADDED from src\main\AndroidManifest.xml:6:5-69
	android:name
		ADDED from src\main\AndroidManifest.xml:6:22-66
uses-permission#android.permission.ACCESS_COARSE_LOCATION
ADDED from src\main\AndroidManifest.xml:7:5-81
	android:name
		ADDED from src\main\AndroidManifest.xml:7:22-78
uses-permission#android.permission.ACCESS_FINE_LOCATION
ADDED from src\main\AndroidManifest.xml:8:5-79
	android:name
		ADDED from src\main\AndroidManifest.xml:8:22-76
uses-permission#com.google.android.providers.gsf.permission.READ_GSERVICES
ADDED from src\main\AndroidManifest.xml:9:5-98
	android:name
		ADDED from src\main\AndroidManifest.xml:9:22-95
uses-permission#android.permission.ACCESS_NETWORK_STATE
ADDED from src\main\AndroidManifest.xml:10:5-78
MERGED from [com.google.android.gms:play-services-ads-lite:9.6.1] AndroidManifest.xml:20:5-78
MERGED from [com.google.android.gms:play-services-analytics:9.6.1] AndroidManifest.xml:21:5-78
MERGED from [com.google.android.gms:play-services-analytics-impl:9.6.1] AndroidManifest.xml:21:5-78
MERGED from [com.google.firebase:firebase-iid:9.6.1] AndroidManifest.xml:19:5-78
MERGED from [com.google.android.gms:play-services-maps:9.6.1] AndroidManifest.xml:19:5-78
MERGED from [com.google.firebase:firebase-analytics:9.6.1] AndroidManifest.xml:21:5-78
MERGED from [com.google.firebase:firebase-analytics-impl:9.6.1] AndroidManifest.xml:21:5-78
MERGED from [com.google.android.gms:play-services-nearby:9.6.1] AndroidManifest.xml:4:5-78
MERGED from [com.google.android.gms:play-services-tagmanager-api:9.6.1] AndroidManifest.xml:21:5-78
MERGED from [com.couchbase.lite:couchbase-lite-android:1.3.1] AndroidManifest.xml:12:5-79
	android:name
		ADDED from src\main\AndroidManifest.xml:10:22-76
uses-permission#android.permission.WRITE_EXTERNAL_STORAGE
ADDED from src\main\AndroidManifest.xml:11:5-80
	android:name
		ADDED from src\main\AndroidManifest.xml:11:22-78
uses-permission#com.weaverprojects.gpstest.permission.MAPS_RECEIVE
ADDED from src\main\AndroidManifest.xml:12:5-89
	android:name
		ADDED from src\main\AndroidManifest.xml:12:22-87
uses-feature#0x00020000
ADDED from src\main\AndroidManifest.xml:14:5-16:35
MERGED from [com.google.android.gms:play-services-maps:9.6.1] AndroidManifest.xml:21:5-77
	android:glEsVersion
		ADDED from src\main\AndroidManifest.xml:15:9-41
	android:required
		ADDED from src\main\AndroidManifest.xml:16:9-32
uses-library#com.google.android.maps
ADDED from src\main\AndroidManifest.xml:18:5-60
	android:name
		ADDED from src\main\AndroidManifest.xml:18:19-57
meta-data#com.google.android.maps.v2.API_KEY
ADDED from src\main\AndroidManifest.xml:20:5-22:67
	android:value
		ADDED from src\main\AndroidManifest.xml:22:9-64
	android:name
		ADDED from src\main\AndroidManifest.xml:21:9-58
application
ADDED from src\main\AndroidManifest.xml:23:5-86:19
MERGED from [com.google.android.gms:play-services:9.6.1] AndroidManifest.xml:5:5-20
MERGED from [com.google.android.gms:play-services-ads-lite:9.6.1] AndroidManifest.xml:23:5-27:19
MERGED from [com.google.android.gms:play-services-basement:9.6.1] AndroidManifest.xml:19:5-21:19
MERGED from [com.android.support:support-v4:24.0.0] AndroidManifest.xml:25:5-20
MERGED from [com.google.android.gms:play-services-base:9.6.1] AndroidManifest.xml:18:5-20:19
MERGED from [com.google.android.gms:play-services-tasks:9.6.1] AndroidManifest.xml:4:5-19
MERGED from [com.google.android.gms:play-services-clearcut:9.6.1] AndroidManifest.xml:18:5-19
MERGED from [com.google.android.gms:play-services-gass:9.6.1] AndroidManifest.xml:4:5-19
MERGED from [com.google.android.gms:play-services-analytics:9.6.1] AndroidManifest.xml:26:5-19
MERGED from [com.google.android.gms:play-services-analytics-impl:9.6.1] AndroidManifest.xml:26:5-19
MERGED from [com.google.android.gms:play-services-appinvite:9.6.1] AndroidManifest.xml:19:5-26:19
MERGED from [com.google.android.gms:play-services-auth:9.6.1] AndroidManifest.xml:19:5-25:19
MERGED from [com.google.android.gms:play-services-cast-framework:9.6.1] AndroidManifest.xml:4:5-8:19
MERGED from [com.google.android.gms:play-services-cast:9.6.1] AndroidManifest.xml:18:5-19
MERGED from [com.android.support:mediarouter-v7:24.0.0] AndroidManifest.xml:22:5-20
MERGED from [com.android.support:palette-v7:24.0.0] AndroidManifest.xml:22:5-23:19
MERGED from [com.android.support:appcompat-v7:24.0.0] AndroidManifest.xml:25:5-20
MERGED from [com.android.support:support-vector-drawable:24.0.0] AndroidManifest.xml:23:5-20
MERGED from [com.android.support:animated-vector-drawable:24.0.0] AndroidManifest.xml:22:5-20
MERGED from [com.google.firebase:firebase-config:9.6.1] AndroidManifest.xml:18:5-19
MERGED from [com.google.firebase:firebase-iid:9.6.1] AndroidManifest.xml:28:5-50:19
MERGED from [com.google.firebase:firebase-common:9.6.1] AndroidManifest.xml:4:5-7:19
MERGED from [com.google.android.gms:play-services-awareness:9.6.1] AndroidManifest.xml:18:5-19
MERGED from [com.google.android.gms:play-services-location:9.6.1] AndroidManifest.xml:4:5-19
MERGED from [com.google.android.gms:play-services-places:9.6.1] AndroidManifest.xml:18:5-19
MERGED from [com.google.android.gms:play-services-maps:9.6.1] AndroidManifest.xml:24:5-19
MERGED from [com.google.firebase:firebase-crash:9.6.1] AndroidManifest.xml:22:5-28:19
MERGED from [com.google.firebase:firebase-analytics:9.6.1] AndroidManifest.xml:24:5-33:19
MERGED from [com.google.firebase:firebase-analytics-impl:9.6.1] AndroidManifest.xml:24:5-28:19
MERGED from [com.google.android.gms:play-services-drive:9.6.1] AndroidManifest.xml:18:5-19
MERGED from [com.google.firebase:firebase-auth:9.6.1] AndroidManifest.xml:19:5-20:19
MERGED from [com.google.firebase:firebase-auth-common:9.6.1] AndroidManifest.xml:19:5-20:19
MERGED from [com.google.firebase:firebase-messaging:9.6.1] AndroidManifest.xml:19:5-29:19
MERGED from [com.google.android.gms:play-services-fitness:9.6.1] AndroidManifest.xml:18:5-19
MERGED from [com.google.android.gms:play-services-games:9.6.1] AndroidManifest.xml:18:5-19
MERGED from [com.google.android.gms:play-services-gcm:9.6.1] AndroidManifest.xml:23:5-19
MERGED from [com.google.android.gms:play-services-iid:9.6.1] AndroidManifest.xml:23:5-19
MERGED from [com.google.android.gms:play-services-appindexing:9.6.1] AndroidManifest.xml:18:5-19
MERGED from [com.google.android.gms:play-services-identity:9.6.1] AndroidManifest.xml:18:5-19
MERGED from [com.google.android.gms:play-services-nearby:9.6.1] AndroidManifest.xml:5:5-19
MERGED from [com.google.android.gms:play-services-panorama:9.6.1] AndroidManifest.xml:18:5-19
MERGED from [com.google.android.gms:play-services-plus:9.6.1] AndroidManifest.xml:18:5-19
MERGED from [com.google.android.gms:play-services-safetynet:9.6.1] AndroidManifest.xml:18:5-19
MERGED from [com.google.android.gms:play-services-tagmanager-api:9.6.1] AndroidManifest.xml:23:5-33:19
MERGED from [com.google.android.gms:play-services-vision:9.6.1] AndroidManifest.xml:4:5-19
MERGED from [com.google.android.gms:play-services-wearable:9.6.1] AndroidManifest.xml:18:5-19
MERGED from [com.couchbase.lite:couchbase-lite-android:1.3.1] AndroidManifest.xml:14:5-20
MERGED from [com.couchbase.lite:couchbase-lite-android-sqlite-custom:1.3.1] AndroidManifest.xml:11:5-20
MERGED from [com.mcxiaoke.volley:library-aar:1.0.0] AndroidManifest.xml:5:5-19
	android:label
		ADDED from src\main\AndroidManifest.xml:26:9-41
	android:supportsRtl
		ADDED from src\main\AndroidManifest.xml:27:9-35
	android:allowBackup
		ADDED from src\main\AndroidManifest.xml:24:9-35
	android:icon
		ADDED from src\main\AndroidManifest.xml:25:9-43
	android:theme
		ADDED from src\main\AndroidManifest.xml:28:9-40
	android:name
		ADDED from src\main\AndroidManifest.xml:29:9-38
meta-data#com.google.android.gms.version
ADDED from src\main\AndroidManifest.xml:30:9-31:68
MERGED from [com.google.android.gms:play-services-basement:9.6.1] AndroidManifest.xml:20:9-121
	android:value
		ADDED from src\main\AndroidManifest.xml:31:13-66
	android:name
		ADDED from src\main\AndroidManifest.xml:30:20-65
activity#a.easypark4.MainActivity
ADDED from src\main\AndroidManifest.xml:32:9-38:20
	android:name
		ADDED from src\main\AndroidManifest.xml:32:19-47
intent-filter#android.intent.action.MAIN+android.intent.category.LAUNCHER
ADDED from src\main\AndroidManifest.xml:33:13-37:29
action#android.intent.action.MAIN
ADDED from src\main\AndroidManifest.xml:34:17-69
	android:name
		ADDED from src\main\AndroidManifest.xml:34:25-66
category#android.intent.category.LAUNCHER
ADDED from src\main\AndroidManifest.xml:36:17-77
	android:name
		ADDED from src\main\AndroidManifest.xml:36:27-74
activity#a.easypark4.RegisterActivity
ADDED from src\main\AndroidManifest.xml:39:9-49:20
	android:label
		ADDED from src\main\AndroidManifest.xml:41:17-49
	android:launchMode
		ADDED from src\main\AndroidManifest.xml:42:17-47
	android:windowSoftInputMode
		ADDED from src\main\AndroidManifest.xml:43:17-56
	android:name
		ADDED from src\main\AndroidManifest.xml:40:17-49
activity#a.easypark4.CreationCompte
ADDED from src\main\AndroidManifest.xml:50:9-52
	android:name
		ADDED from src\main\AndroidManifest.xml:50:19-49
activity#a.easypark4.Main2Activity
ADDED from src\main\AndroidManifest.xml:51:9-51
	android:name
		ADDED from src\main\AndroidManifest.xml:51:19-48
activity#a.easypark4.EasyPark
ADDED from src\main\AndroidManifest.xml:52:9-62:20
	android:label
		ADDED from src\main\AndroidManifest.xml:54:13-45
	android:launchMode
		ADDED from src\main\AndroidManifest.xml:55:13-43
	android:windowSoftInputMode
		ADDED from src\main\AndroidManifest.xml:56:13-52
	android:name
		ADDED from src\main\AndroidManifest.xml:53:13-37
meta-data#com.google.android.geo.API_KEY
ADDED from src\main\AndroidManifest.xml:71:9-73:55
	android:value
		ADDED from src\main\AndroidManifest.xml:73:13-52
	android:name
		ADDED from src\main\AndroidManifest.xml:72:13-58
activity#a.easypark4.MapsActivity
ADDED from src\main\AndroidManifest.xml:75:9-81:20
	android:label
		ADDED from src\main\AndroidManifest.xml:77:13-56
	android:name
		ADDED from src\main\AndroidManifest.xml:76:13-41
intent-filter#android.intent.action.ACTION_VIEW
ADDED from src\main\AndroidManifest.xml:78:9-80:25
action#android.intent.action.ACTION_VIEW
ADDED from src\main\AndroidManifest.xml:79:13-72
	android:name
		ADDED from src\main\AndroidManifest.xml:79:21-69
uses-sdk
INJECTED from src\main\AndroidManifest.xml reason: use-sdk injection requested
MERGED from [com.google.android.gms:play-services:9.6.1] AndroidManifest.xml:4:5-42
MERGED from [com.google.android.gms:play-services-ads:9.6.1] AndroidManifest.xml:17:5-42
MERGED from [com.google.android.gms:play-services-ads-lite:9.6.1] AndroidManifest.xml:22:5-42
MERGED from [com.google.android.gms:play-services-basement:9.6.1] AndroidManifest.xml:17:5-42
MERGED from [com.android.support:support-v4:24.0.0] AndroidManifest.xml:21:5-23:54
MERGED from [com.google.android.gms:play-services-base:9.6.1] AndroidManifest.xml:17:5-42
MERGED from [com.google.android.gms:play-services-tasks:9.6.1] AndroidManifest.xml:3:5-42
MERGED from [com.google.android.gms:play-services-clearcut:9.6.1] AndroidManifest.xml:17:5-42
MERGED from [com.google.android.gms:play-services-gass:9.6.1] AndroidManifest.xml:3:5-42
MERGED from [com.google.android.gms:play-services-analytics:9.6.1] AndroidManifest.xml:17:5-42
MERGED from [com.google.android.gms:play-services-analytics-impl:9.6.1] AndroidManifest.xml:17:5-42
MERGED from [com.google.android.gms:play-services-appinvite:9.6.1] AndroidManifest.xml:17:5-42
MERGED from [com.google.android.gms:play-services-auth:9.6.1] AndroidManifest.xml:17:5-42
MERGED from [com.google.android.gms:play-services-auth-base:9.6.1] AndroidManifest.xml:4:5-42
MERGED from [com.google.android.gms:play-services-cast-framework:9.6.1] AndroidManifest.xml:3:5-42
MERGED from [com.google.android.gms:play-services-cast:9.6.1] AndroidManifest.xml:17:5-42
MERGED from [com.android.support:mediarouter-v7:24.0.0] AndroidManifest.xml:20:5-43
MERGED from [com.android.support:palette-v7:24.0.0] AndroidManifest.xml:20:5-43
MERGED from [com.android.support:appcompat-v7:24.0.0] AndroidManifest.xml:21:5-23:78
MERGED from [com.android.support:support-vector-drawable:24.0.0] AndroidManifest.xml:21:5-43
MERGED from [com.android.support:animated-vector-drawable:24.0.0] AndroidManifest.xml:20:5-44
MERGED from [com.google.firebase:firebase-config:9.6.1] AndroidManifest.xml:17:5-42
MERGED from [com.google.firebase:firebase-iid:9.6.1] AndroidManifest.xml:17:5-42
MERGED from [com.google.firebase:firebase-common:9.6.1] AndroidManifest.xml:3:5-42
MERGED from [com.google.android.gms:play-services-awareness:9.6.1] AndroidManifest.xml:17:5-42
MERGED from [com.google.android.gms:play-services-location:9.6.1] AndroidManifest.xml:3:5-42
MERGED from [com.google.android.gms:play-services-places:9.6.1] AndroidManifest.xml:17:5-42
MERGED from [com.google.android.gms:play-services-maps:9.6.1] AndroidManifest.xml:23:5-42
MERGED from [com.google.firebase:firebase-crash:9.6.1] AndroidManifest.xml:20:5-42
MERGED from [com.google.firebase:firebase-analytics:9.6.1] AndroidManifest.xml:17:5-42
MERGED from [com.google.firebase:firebase-analytics-impl:9.6.1] AndroidManifest.xml:17:5-42
MERGED from [com.google.android.gms:play-services-drive:9.6.1] AndroidManifest.xml:17:5-42
MERGED from [com.google.firebase:firebase-auth:9.6.1] AndroidManifest.xml:17:5-42
MERGED from [com.google.firebase:firebase-auth-common:9.6.1] AndroidManifest.xml:17:5-42
MERGED from [com.google.firebase:firebase-auth-module:9.6.1] AndroidManifest.xml:3:5-42
MERGED from [com.google.firebase:firebase-database-connection:9.6.1] AndroidManifest.xml:3:5-42
MERGED from [com.google.firebase:firebase-database:9.6.1] AndroidManifest.xml:3:5-42
MERGED from [com.google.firebase:firebase-messaging:9.6.1] AndroidManifest.xml:17:5-42
MERGED from [com.google.firebase:firebase-storage:9.6.1] AndroidManifest.xml:3:5-42
MERGED from [com.google.firebase:firebase-storage-common:9.6.1] AndroidManifest.xml:3:5-42
MERGED from [com.google.android.gms:play-services-fitness:9.6.1] AndroidManifest.xml:17:5-42
MERGED from [com.google.android.gms:play-services-games:9.6.1] AndroidManifest.xml:17:5-42
MERGED from [com.google.android.gms:play-services-gcm:9.6.1] AndroidManifest.xml:17:5-42
MERGED from [com.google.android.gms:play-services-iid:9.6.1] AndroidManifest.xml:17:5-42
MERGED from [com.google.android.gms:play-services-appindexing:9.6.1] AndroidManifest.xml:17:5-42
MERGED from [com.google.android.gms:play-services-identity:9.6.1] AndroidManifest.xml:17:5-42
MERGED from [com.google.android.gms:play-services-instantapps:9.6.1] AndroidManifest.xml:3:5-42
MERGED from [com.google.android.gms:play-services-nearby:9.6.1] AndroidManifest.xml:3:5-42
MERGED from [com.google.android.gms:play-services-panorama:9.6.1] AndroidManifest.xml:17:5-42
MERGED from [com.google.android.gms:play-services-plus:9.6.1] AndroidManifest.xml:17:5-42
MERGED from [com.google.android.gms:play-services-safetynet:9.6.1] AndroidManifest.xml:17:5-42
MERGED from [com.google.android.gms:play-services-tagmanager-api:9.6.1] AndroidManifest.xml:17:5-42
MERGED from [com.google.android.gms:play-services-tagmanager:9.6.1] AndroidManifest.xml:17:5-42
MERGED from [com.google.android.gms:play-services-vision:9.6.1] AndroidManifest.xml:3:5-42
MERGED from [com.google.android.gms:play-services-wallet:9.6.1] AndroidManifest.xml:18:5-42
MERGED from [com.google.android.gms:play-services-wearable:9.6.1] AndroidManifest.xml:17:5-42
MERGED from [com.couchbase.lite:couchbase-lite-android:1.3.1] AndroidManifest.xml:7:5-9:41
MERGED from [com.couchbase.lite:couchbase-lite-android-sqlite-custom:1.3.1] AndroidManifest.xml:7:5-9:41
MERGED from [com.mcxiaoke.volley:library-aar:1.0.0] AndroidManifest.xml:3:5-72
	tools:overrideLibrary
		ADDED from [com.android.support:support-v4:24.0.0] AndroidManifest.xml:23:9-51
	android:targetSdkVersion
		INJECTED from src\main\AndroidManifest.xml
		INJECTED from src\main\AndroidManifest.xml
	android:minSdkVersion
		INJECTED from src\main\AndroidManifest.xml
		INJECTED from src\main\AndroidManifest.xml
activity#com.google.android.gms.ads.AdActivity
ADDED from [com.google.android.gms:play-services-ads-lite:9.6.1] AndroidManifest.xml:25:9-232
	android:configChanges
		ADDED from [com.google.android.gms:play-services-ads-lite:9.6.1] AndroidManifest.xml:25:72-181
	android:theme
		ADDED from [com.google.android.gms:play-services-ads-lite:9.6.1] AndroidManifest.xml:25:182-230
	android:name
		ADDED from [com.google.android.gms:play-services-ads-lite:9.6.1] AndroidManifest.xml:25:19-71
activity#com.google.android.gms.ads.purchase.InAppPurchaseActivity
ADDED from [com.google.android.gms:play-services-ads-lite:9.6.1] AndroidManifest.xml:26:9-131
	android:theme
		ADDED from [com.google.android.gms:play-services-ads-lite:9.6.1] AndroidManifest.xml:26:92-129
	android:name
		ADDED from [com.google.android.gms:play-services-ads-lite:9.6.1] AndroidManifest.xml:26:19-91
activity#com.google.android.gms.common.api.GoogleApiActivity
ADDED from [com.google.android.gms:play-services-base:9.6.1] AndroidManifest.xml:19:9-172
	android:exported
		ADDED from [com.google.android.gms:play-services-base:9.6.1] AndroidManifest.xml:19:146-170
	android:theme
		ADDED from [com.google.android.gms:play-services-base:9.6.1] AndroidManifest.xml:19:86-145
	android:name
		ADDED from [com.google.android.gms:play-services-base:9.6.1] AndroidManifest.xml:19:19-85
uses-permission#android.permission.WAKE_LOCK
ADDED from [com.google.android.gms:play-services-analytics:9.6.1] AndroidManifest.xml:24:5-67
MERGED from [com.google.android.gms:play-services-analytics-impl:9.6.1] AndroidManifest.xml:24:5-67
MERGED from [com.google.firebase:firebase-iid:9.6.1] AndroidManifest.xml:21:5-67
MERGED from [com.google.firebase:firebase-analytics:9.6.1] AndroidManifest.xml:22:5-67
MERGED from [com.google.firebase:firebase-analytics-impl:9.6.1] AndroidManifest.xml:22:5-67
	android:name
		ADDED from [com.google.android.gms:play-services-analytics:9.6.1] AndroidManifest.xml:24:22-65
activity#com.google.android.gms.appinvite.PreviewActivity
ADDED from [com.google.android.gms:play-services-appinvite:9.6.1] AndroidManifest.xml:20:9-25:20
	android:exported
		ADDED from [com.google.android.gms:play-services-appinvite:9.6.1] AndroidManifest.xml:20:51-74
	android:theme
		ADDED from [com.google.android.gms:play-services-appinvite:9.6.1] AndroidManifest.xml:20:75-121
	android:name
		ADDED from [com.google.android.gms:play-services-appinvite:9.6.1] AndroidManifest.xml:20:19-50
intent-filter#android.intent.category.DEFAULT+com.google.android.gms.appinvite.ACTION_PREVIEW
ADDED from [com.google.android.gms:play-services-appinvite:9.6.1] AndroidManifest.xml:21:13-24:29
action#com.google.android.gms.appinvite.ACTION_PREVIEW
ADDED from [com.google.android.gms:play-services-appinvite:9.6.1] AndroidManifest.xml:22:17-89
	android:name
		ADDED from [com.google.android.gms:play-services-appinvite:9.6.1] AndroidManifest.xml:22:25-87
category#android.intent.category.DEFAULT
ADDED from [com.google.android.gms:play-services-appinvite:9.6.1] AndroidManifest.xml:23:17-75
	android:name
		ADDED from [com.google.android.gms:play-services-appinvite:9.6.1] AndroidManifest.xml:23:27-73
activity#com.google.android.gms.auth.api.signin.internal.SignInHubActivity
ADDED from [com.google.android.gms:play-services-auth:9.6.1] AndroidManifest.xml:20:9-189
	android:excludeFromRecents
		ADDED from [com.google.android.gms:play-services-auth:9.6.1] AndroidManifest.xml:20:129-162
	android:exported
		ADDED from [com.google.android.gms:play-services-auth:9.6.1] AndroidManifest.xml:20:163-187
	android:theme
		ADDED from [com.google.android.gms:play-services-auth:9.6.1] AndroidManifest.xml:20:69-128
	android:name
		ADDED from [com.google.android.gms:play-services-auth:9.6.1] AndroidManifest.xml:20:19-68
service#com.google.android.gms.auth.api.signin.RevocationBoundService
ADDED from [com.google.android.gms:play-services-auth:9.6.1] AndroidManifest.xml:24:9-184
	android:exported
		ADDED from [com.google.android.gms:play-services-auth:9.6.1] AndroidManifest.xml:24:64-87
	android:permission
		ADDED from [com.google.android.gms:play-services-auth:9.6.1] AndroidManifest.xml:24:88-182
	android:name
		ADDED from [com.google.android.gms:play-services-auth:9.6.1] AndroidManifest.xml:24:18-63
receiver#com.google.android.gms.cast.framework.media.MediaIntentReceiver
ADDED from [com.google.android.gms:play-services-cast-framework:9.6.1] AndroidManifest.xml:5:9-99
	android:name
		ADDED from [com.google.android.gms:play-services-cast-framework:9.6.1] AndroidManifest.xml:5:19-97
service#com.google.android.gms.cast.framework.media.MediaNotificationService
ADDED from [com.google.android.gms:play-services-cast-framework:9.6.1] AndroidManifest.xml:6:9-103
	android:name
		ADDED from [com.google.android.gms:play-services-cast-framework:9.6.1] AndroidManifest.xml:6:18-101
service#com.google.android.gms.cast.framework.ReconnectionService
ADDED from [com.google.android.gms:play-services-cast-framework:9.6.1] AndroidManifest.xml:7:9-92
	android:name
		ADDED from [com.google.android.gms:play-services-cast-framework:9.6.1] AndroidManifest.xml:7:18-90
uses-permission#com.google.android.c2dm.permission.RECEIVE
ADDED from [com.google.firebase:firebase-iid:9.6.1] AndroidManifest.xml:22:5-81
MERGED from [com.google.android.gms:play-services-gcm:9.6.1] AndroidManifest.xml:20:5-81
MERGED from [com.google.android.gms:play-services-iid:9.6.1] AndroidManifest.xml:20:5-81
	android:name
		ADDED from [com.google.firebase:firebase-iid:9.6.1] AndroidManifest.xml:22:22-79
permission#${applicationId}.permission.C2D_MESSAGE
ADDED from [com.google.firebase:firebase-iid:9.6.1] AndroidManifest.xml:24:5-109
	android:protectionLevel
		ADDED from [com.google.firebase:firebase-iid:9.6.1] AndroidManifest.xml:24:72-107
	android:name
		ADDED from [com.google.firebase:firebase-iid:9.6.1] AndroidManifest.xml:24:17-71
uses-permission#${applicationId}.permission.C2D_MESSAGE
ADDED from [com.google.firebase:firebase-iid:9.6.1] AndroidManifest.xml:26:5-78
	android:name
		ADDED from [com.google.firebase:firebase-iid:9.6.1] AndroidManifest.xml:26:22-76
receiver#com.google.firebase.iid.FirebaseInstanceIdReceiver
ADDED from [com.google.firebase:firebase-iid:9.6.1] AndroidManifest.xml:30:9-36:20
	android:exported
		ADDED from [com.google.firebase:firebase-iid:9.6.1] AndroidManifest.xml:30:85-108
	android:permission
		ADDED from [com.google.firebase:firebase-iid:9.6.1] AndroidManifest.xml:30:109-169
	android:name
		ADDED from [com.google.firebase:firebase-iid:9.6.1] AndroidManifest.xml:30:19-84
intent-filter#${applicationId}+com.google.android.c2dm.intent.RECEIVE+com.google.android.c2dm.intent.REGISTRATION
ADDED from [com.google.firebase:firebase-iid:9.6.1] AndroidManifest.xml:31:13-35:29
action#com.google.android.c2dm.intent.RECEIVE
ADDED from [com.google.firebase:firebase-iid:9.6.1] AndroidManifest.xml:32:17-80
	android:name
		ADDED from [com.google.firebase:firebase-iid:9.6.1] AndroidManifest.xml:32:25-78
action#com.google.android.c2dm.intent.REGISTRATION
ADDED from [com.google.firebase:firebase-iid:9.6.1] AndroidManifest.xml:33:17-85
	android:name
		ADDED from [com.google.firebase:firebase-iid:9.6.1] AndroidManifest.xml:33:25-83
category#${applicationId}
ADDED from [com.google.firebase:firebase-iid:9.6.1] AndroidManifest.xml:34:17-60
	android:name
		ADDED from [com.google.firebase:firebase-iid:9.6.1] AndroidManifest.xml:34:27-58
receiver#com.google.firebase.iid.FirebaseInstanceIdInternalReceiver
ADDED from [com.google.firebase:firebase-iid:9.6.1] AndroidManifest.xml:40:9-119
	android:exported
		ADDED from [com.google.firebase:firebase-iid:9.6.1] AndroidManifest.xml:40:93-117
	android:name
		ADDED from [com.google.firebase:firebase-iid:9.6.1] AndroidManifest.xml:40:19-92
service#com.google.firebase.iid.FirebaseInstanceIdService
ADDED from [com.google.firebase:firebase-iid:9.6.1] AndroidManifest.xml:44:9-48:19
	android:exported
		ADDED from [com.google.firebase:firebase-iid:9.6.1] AndroidManifest.xml:44:83-106
	android:name
		ADDED from [com.google.firebase:firebase-iid:9.6.1] AndroidManifest.xml:44:18-82
intent-filter#com.google.firebase.INSTANCE_ID_EVENT
ADDED from [com.google.firebase:firebase-iid:9.6.1] AndroidManifest.xml:45:13-47:29
	android:priority
		ADDED from [com.google.firebase:firebase-iid:9.6.1] AndroidManifest.xml:45:28-51
action#com.google.firebase.INSTANCE_ID_EVENT
ADDED from [com.google.firebase:firebase-iid:9.6.1] AndroidManifest.xml:46:17-79
	android:name
		ADDED from [com.google.firebase:firebase-iid:9.6.1] AndroidManifest.xml:46:25-77
provider#com.google.firebase.provider.FirebaseInitProvider
ADDED from [com.google.firebase:firebase-common:9.6.1] AndroidManifest.xml:6:9-175
	android:authorities
		ADDED from [com.google.firebase:firebase-common:9.6.1] AndroidManifest.xml:6:19-78
	android:exported
		ADDED from [com.google.firebase:firebase-common:9.6.1] AndroidManifest.xml:6:125-149
	android:initOrder
		ADDED from [com.google.firebase:firebase-common:9.6.1] AndroidManifest.xml:6:150-173
	android:name
		ADDED from [com.google.firebase:firebase-common:9.6.1] AndroidManifest.xml:6:79-124
service#com.google.firebase.crash.internal.service.FirebaseCrashReceiverService
ADDED from [com.google.firebase:firebase-crash:9.6.1] AndroidManifest.xml:24:9-117
	android:process
		ADDED from [com.google.firebase:firebase-crash:9.6.1] AndroidManifest.xml:24:80-115
	android:name
		ADDED from [com.google.firebase:firebase-crash:9.6.1] AndroidManifest.xml:24:18-79
service#com.google.firebase.crash.internal.service.FirebaseCrashSenderService
ADDED from [com.google.firebase:firebase-crash:9.6.1] AndroidManifest.xml:26:9-115
	android:process
		ADDED from [com.google.firebase:firebase-crash:9.6.1] AndroidManifest.xml:26:78-113
	android:name
		ADDED from [com.google.firebase:firebase-crash:9.6.1] AndroidManifest.xml:26:18-77
receiver#com.google.android.gms.measurement.AppMeasurementReceiver
ADDED from [com.google.firebase:firebase-analytics:9.6.1] AndroidManifest.xml:25:7-26:18
MERGED from [com.google.firebase:firebase-analytics-impl:9.6.1] AndroidManifest.xml:25:7-26:18
	android:enabled
		ADDED from [com.google.firebase:firebase-analytics:9.6.1] AndroidManifest.xml:25:90-112
	android:exported
		ADDED from [com.google.firebase:firebase-analytics:9.6.1] AndroidManifest.xml:25:113-137
	android:name
		ADDED from [com.google.firebase:firebase-analytics:9.6.1] AndroidManifest.xml:25:17-89
receiver#com.google.android.gms.measurement.AppMeasurementInstallReferrerReceiver
ADDED from [com.google.firebase:firebase-analytics:9.6.1] AndroidManifest.xml:27:7-31:18
	android:enabled
		ADDED from [com.google.firebase:firebase-analytics:9.6.1] AndroidManifest.xml:27:162-184
	android:permission
		ADDED from [com.google.firebase:firebase-analytics:9.6.1] AndroidManifest.xml:27:105-161
	android:name
		ADDED from [com.google.firebase:firebase-analytics:9.6.1] AndroidManifest.xml:27:17-104
intent-filter#com.android.vending.INSTALL_REFERRER
ADDED from [com.google.firebase:firebase-analytics:9.6.1] AndroidManifest.xml:28:11-30:27
action#com.android.vending.INSTALL_REFERRER
ADDED from [com.google.firebase:firebase-analytics:9.6.1] AndroidManifest.xml:29:15-76
	android:name
		ADDED from [com.google.firebase:firebase-analytics:9.6.1] AndroidManifest.xml:29:23-74
service#com.google.android.gms.measurement.AppMeasurementService
ADDED from [com.google.firebase:firebase-analytics:9.6.1] AndroidManifest.xml:32:7-137
MERGED from [com.google.firebase:firebase-analytics-impl:9.6.1] AndroidManifest.xml:27:7-137
	android:enabled
		ADDED from [com.google.firebase:firebase-analytics:9.6.1] AndroidManifest.xml:32:88-110
	android:exported
		ADDED from [com.google.firebase:firebase-analytics:9.6.1] AndroidManifest.xml:32:111-135
	android:name
		ADDED from [com.google.firebase:firebase-analytics:9.6.1] AndroidManifest.xml:32:16-87
service#com.google.firebase.messaging.FirebaseMessagingService
ADDED from [com.google.firebase:firebase-messaging:9.6.1] AndroidManifest.xml:23:9-27:19
	android:exported